# JRE version: Java(TM) SE Runtime Environment (25.0+37) (build 25+37-LTS-3491)
# Java VM: Java HotSpot(TM) 64-Bit Server VM (25+37-LTS-3491, mixed mode, sharing, tiered, compressed oops, compressed class ptrs, g1 gc, windows-amd64)
GC Precious Log:
 CardTable entry size: 512
 Card Set container configuration: InlinePtr #cards 4 size 8 Array Of Cards #cards 32 size 80 Howl #buckets 8 coarsen threshold 7372 Howl Bitmap #cards 1024 size 144 coarsen threshold 921 Card regions per heap region 1 cards per card region 8192
 CPUs: 12 total, 12 available
 Memory: 32691M
 Large Page Support: Disabled
 NUMA Support: Disabled
 Compressed Oops: Enabled (Zero based)
 Heap Region Size: 4M
 Heap Min Capacity: 8M
 Heap Initial Capacity: 512M
 Heap Max Capacity: 8176M
 Pre-touch: Disabled
 Parallel Workers: 10
 Concurrent Workers: 3
 Concurrent Refinement Workers: 10
 Periodic GC: Disabled
Heap:
 garbage-first heap   total reserved 8372224K, committed 233472K, used 109313K [0x0000000601000000, 0x0000000800000000)
  region size 4096K, 13 young (53248K), 3 survivors (12288K)
GC Heap Usage History (12 events):
Event: 60.344 {heap Before GC invocations=0 (full 0):
 garbage-first heap   total reserved 8372224K, committed 528384K, used 95381K [0x0000000601000000, 0x0000000800000000)
  region size 4096K, 12 young (49152K), 0 survivors (0K)
}
Event: 60.349 {heap After GC invocations=1 (full 0):
 garbage-first heap   total reserved 8372224K, committed 528384K, used 57125K [0x0000000601000000, 0x0000000800000000)
  region size 4096K, 2 young (8192K), 2 survivors (8192K)
}
Event: 69.066 {heap Before GC invocations=1 (full 0):
 garbage-first heap   total reserved 8372224K, committed 528384K, used 134949K [0x0000000601000000, 0x0000000800000000)
  region size 4096K, 20 young (81920K), 2 survivors (8192K)
}
Event: 69.070 {heap After GC invocations=2 (full 0):
 garbage-first heap   total reserved 8372224K, committed 528384K, used 67681K [0x0000000601000000, 0x0000000800000000)
  region size 4096K, 3 young (12288K), 3 survivors (12288K)
}
Event: 69.783 {heap Before GC invocations=3 (full 0):
 garbage-first heap   total reserved 8372224K, committed 245760K, used 112737K [0x0000000601000000, 0x0000000800000000)
  region size 4096K, 15 young (61440K), 3 survivors (12288K)
}
Event: 69.790 {heap After GC invocations=4 (full 0):
 garbage-first heap   total reserved 8372224K, committed 245760K, used 68048K [0x0000000601000000, 0x0000000800000000)
  region size 4096K, 4 young (16384K), 4 survivors (16384K)
}
Event: 69.803 {heap Before GC invocations=4 (full 0):
 garbage-first heap   total reserved 8372224K, committed 245760K, used 68048K [0x0000000601000000, 0x0000000800000000)
  region size 4096K, 5 young (20480K), 4 survivors (16384K)
}
Event: 69.811 {heap After GC invocations=5 (full 0):
 garbage-first heap   total reserved 8372224K, committed 245760K, used 68159K [0x0000000601000000, 0x0000000800000000)
  region size 4096K, 2 young (8192K), 2 survivors (8192K)
}
Event: 69.823 {heap Before GC invocations=5 (full 0):
 garbage-first heap   total reserved 8372224K, committed 245760K, used 68159K [0x0000000601000000, 0x0000000800000000)
  region size 4096K, 3 young (12288K), 2 survivors (8192K)
}
Event: 69.826 {heap After GC invocations=6 (full 0):
 garbage-first heap   total reserved 8372224K, committed 245760K, used 67976K [0x0000000601000000, 0x0000000800000000)
  region size 4096K, 2 young (8192K), 2 survivors (8192K)
}
Event: 70.906 {heap Before GC invocations=7 (full 0):
 garbage-first heap   total reserved 8372224K, committed 233472K, used 149896K [0x0000000601000000, 0x0000000800000000)
  region size 4096K, 23 young (94208K), 2 survivors (8192K)
}
Event: 70.913 {heap After GC invocations=8 (full 0):
 garbage-first heap   total reserved 8372224K, committed 233472K, used 72449K [0x0000000601000000, 0x0000000800000000)
  region size 4096K, 3 young (12288K), 3 survivors (12288K)
}

