# JRE version: Java(TM) SE Runtime Environment (25.0+37) (build 25+37-LTS-3491)
# Java VM: Java HotSpot(TM) 64-Bit Server VM (25+37-LTS-3491, mixed mode, sharing, tiered, compressed oops, compressed class ptrs, g1 gc, windows-amd64)
GC Precious Log:
 CardTable entry size: 512
 Card Set container configuration: InlinePtr #cards 4 size 8 Array Of Cards #cards 32 size 80 Howl #buckets 8 coarsen threshold 7372 Howl Bitmap #cards 1024 size 144 coarsen threshold 921 Card regions per heap region 1 cards per card region 8192
 CPUs: 12 total, 12 available
 Memory: 32691M
 Large Page Support: Disabled
 NUMA Support: Disabled
 Compressed Oops: Enabled (Zero based)
 Heap Region Size: 4M
 Heap Min Capacity: 8M
 Heap Initial Capacity: 512M
 Heap Max Capacity: 8176M
 Pre-touch: Disabled
 Parallel Workers: 10
 Concurrent Workers: 3
 Concurrent Refinement Workers: 10
 Periodic GC: Disabled
Heap:
 garbage-first heap   total reserved 8372224K, committed 49152K, used 36206K [0x0000000601000000, 0x0000000800000000)
  region size 4096K, 7 young (28672K), 1 survivors (4096K)
GC Heap Usage History (14 events):
Event: 0.834 {heap Before GC invocations=0 (full 0):
 garbage-first heap   total reserved 8372224K, committed 528384K, used 46229K [0x0000000601000000, 0x0000000800000000)
  region size 4096K, 12 young (49152K), 0 survivors (0K)
}
Event: 0.838 {heap After GC invocations=1 (full 0):
 garbage-first heap   total reserved 8372224K, committed 528384K, used 8242K [0x0000000601000000, 0x0000000800000000)
  region size 4096K, 2 young (8192K), 2 survivors (8192K)
}
Event: 0.942 {heap Before GC invocations=1 (full 0):
 garbage-first heap   total reserved 8372224K, committed 528384K, used 12338K [0x0000000601000000, 0x0000000800000000)
  region size 4096K, 4 young (16384K), 2 survivors (8192K)
}
Event: 0.945 {heap After GC invocations=2 (full 0):
 garbage-first heap   total reserved 8372224K, committed 528384K, used 9931K [0x0000000601000000, 0x0000000800000000)
  region size 4096K, 3 young (12288K), 3 survivors (12288K)
}
Event: 1.583 {heap Before GC invocations=3 (full 0):
 garbage-first heap   total reserved 8372224K, committed 57344K, used 50891K [0x0000000601000000, 0x0000000800000000)
  region size 4096K, 13 young (53248K), 3 survivors (12288K)
}
Event: 1.588 {heap After GC invocations=4 (full 0):
 garbage-first heap   total reserved 8372224K, committed 69632K, used 13153K [0x0000000601000000, 0x0000000800000000)
  region size 4096K, 3 young (12288K), 3 survivors (12288K)
}
Event: 1.653 {heap Before GC invocations=4 (full 0):
 garbage-first heap   total reserved 8372224K, committed 69632K, used 17249K [0x0000000601000000, 0x0000000800000000)
  region size 4096K, 5 young (20480K), 3 survivors (12288K)
}
Event: 1.659 {heap After GC invocations=5 (full 0):
 garbage-first heap   total reserved 8372224K, committed 69632K, used 12526K [0x0000000601000000, 0x0000000800000000)
  region size 4096K, 2 young (8192K), 2 survivors (8192K)
}
Event: 1.673 {heap Before GC invocations=5 (full 0):
 garbage-first heap   total reserved 8372224K, committed 69632K, used 12526K [0x0000000601000000, 0x0000000800000000)
  region size 4096K, 3 young (12288K), 2 survivors (8192K)
}
Event: 1.676 {heap After GC invocations=6 (full 0):
 garbage-first heap   total reserved 8372224K, committed 69632K, used 12142K [0x0000000601000000, 0x0000000800000000)
  region size 4096K, 1 young (4096K), 1 survivors (4096K)
}
Event: 2.058 {heap Before GC invocations=7 (full 0):
 garbage-first heap   total reserved 8372224K, committed 40960K, used 40814K [0x0000000601000000, 0x0000000800000000)
  region size 4096K, 8 young (32768K), 1 survivors (4096K)
}
Event: 2.064 {heap After GC invocations=8 (full 0):
 garbage-first heap   total reserved 8372224K, committed 49152K, used 13382K [0x0000000601000000, 0x0000000800000000)
  region size 4096K, 2 young (8192K), 2 survivors (8192K)
}
Event: 2.275 {heap Before GC invocations=8 (full 0):
 garbage-first heap   total reserved 8372224K, committed 49152K, used 29766K [0x0000000601000000, 0x0000000800000000)
  region size 4096K, 7 young (28672K), 2 survivors (8192K)
}
Event: 2.280 {heap After GC invocations=9 (full 0):
 garbage-first heap   total reserved 8372224K, committed 49152K, used 15726K [0x0000000601000000, 0x0000000800000000)
  region size 4096K, 1 young (4096K), 1 survivors (4096K)
}

